<?xml version="1.0" encoding="UTF-8"?>
<!-- Generated by org.testng.reporters.JUnitReportReporter -->
<testsuite hostname="IN-PG02LY71" failures="0" tests="1" name="LocalHost_Project.EndToEndTesting" time="2.193" errors="0" timestamp="11 Dec 2022 07:00:53 GMT" skipped="0">
  <testcase classname="LocalHost_Project.EndToEndTesting" name="test1" time="2.193"/>
</testsuite> <!-- LocalHost_Project.EndToEndTesting -->
